[2016-08-04 17:46:49.480] [jointLog] [info] parsing read library format
[2016-08-04 17:46:49.480] [jointLog] [info] There is 1 library.
[2016-08-04 17:46:49.578] [jointLog] [info] Loading Quasi index
[2016-08-04 17:46:49.578] [jointLog] [info] Loading 32-bit quasi index
[2016-08-04 17:46:53.197] [jointLog] [info] done
[2016-08-04 17:46:53.197] [jointLog] [info] Index contained 30443 targets
[2016-08-04 17:46:54.575] [jointLog] [info] Automatically detected most likely library type as IU
[2016-08-04 17:54:47.133] [fileLog] [info] 
At end of round 0
==================
Observed 28585545 total fragments (28585545 in most recent round)

[2016-08-04 17:54:47.132] [jointLog] [info] Computed 33604 rich equivalence classes for further processing
[2016-08-04 17:54:47.132] [jointLog] [info] Counted 25989639 total reads in the equivalence classes 
[2016-08-04 17:54:47.149] [jointLog] [info] Mapping rate = 90.9188%

[2016-08-04 17:54:47.149] [jointLog] [info] finished quantifyLibrary()
[2016-08-04 17:54:47.150] [jointLog] [info] Starting optimizer
[2016-08-04 17:54:47.184] [jointLog] [info] Marked 0 weighted equivalence classes as degenerate
[2016-08-04 17:54:47.188] [jointLog] [info] iteration = 0 | max rel diff. = 227.462
[2016-08-04 17:54:47.539] [jointLog] [info] iteration = 100 | max rel diff. = 0.552907
[2016-08-04 17:54:47.831] [jointLog] [info] iteration = 200 | max rel diff. = 0.0588734
[2016-08-04 17:54:48.034] [jointLog] [info] iteration = 300 | max rel diff. = 0.0388712
[2016-08-04 17:54:48.262] [jointLog] [info] iteration = 400 | max rel diff. = 0.0298101
[2016-08-04 17:54:48.486] [jointLog] [info] iteration = 500 | max rel diff. = 0.0239676
[2016-08-04 17:54:48.748] [jointLog] [info] iteration = 600 | max rel diff. = 0.021031
[2016-08-04 17:54:48.959] [jointLog] [info] iteration = 700 | max rel diff. = 0.0166602
[2016-08-04 17:54:49.149] [jointLog] [info] iteration = 800 | max rel diff. = 0.0147592
[2016-08-04 17:54:49.418] [jointLog] [info] iteration = 900 | max rel diff. = 0.0127521
[2016-08-04 17:54:49.731] [jointLog] [info] iteration = 1000 | max rel diff. = 0.0125878
[2016-08-04 17:54:50.106] [jointLog] [info] iteration = 1072 | max rel diff. = 0.00984965
[2016-08-04 17:54:50.108] [jointLog] [info] Finished optimizer
[2016-08-04 17:54:50.108] [jointLog] [info] writing output 

